<?xml version="1.0" encoding="UTF-8"?>
<!-- Generated by org.testng.reporters.JUnitReportReporter -->
<testsuite name="com.verimi.TestsMaven.VerimiTest" tests="1" time="23.142" ignored="0" failures="0" timestamp="29 juil. 2019 09:36:23 GMT" skipped="0" hostname="LAPTOP-UG4OKVSD" errors="0">
  <testcase name="main" time="23.142" classname="com.verimi.TestsMaven.VerimiTest"/>
</testsuite> <!-- com.verimi.TestsMaven.VerimiTest -->
