<?xml version="1.0" encoding="UTF-8"?>
<!-- Generated by org.testng.reporters.JUnitReportReporter -->
<testsuite name="com.qa.tests.TestNG" tests="1" time="0.000" ignored="0" failures="0" timestamp="29 juil. 2019 09:36:23 GMT" skipped="0" hostname="LAPTOP-UG4OKVSD" errors="0">
  <testcase name="sum" time="0.000" classname="com.qa.tests.TestNG"/>
</testsuite> <!-- com.qa.tests.TestNG -->
